<?xml version="1.0" encoding="utf-8" ?>
<!DOCTYPE html PUBLIC "-//W3C//DTD XHTML 1.0 Strict//EN"
        "http://www.w3.org/TR/xhtml1/DTD/xhtml1-strict.dtd">
<html xmlns="http://www.w3.org/1999/xhtml" xml:lang="" lang="">
<head>
  <title>Test Results Report - MyAccountsTest</title>
  <meta http-equiv="Content-Type" content="text/html;charset=utf-8" />
  <meta name="description" content="TestNG unit test results." />
  <link href="reportng.css" rel="stylesheet" type="text/css" />
    <script type="text/javascript" src="reportng.js"></script>
</head>
<body>
<h1>MyAccountsTest</h1>
<p>
  Test duration: 110.000s
</p>



  <table class="resultsTable">
    <tr><th colspan="3" class="header failed">Failed Tests</th></tr>
          <tr>
        <td colspan="3" class="group">com.tutorialsninja.demo.testsuite.MyAccountsTest</td>
      </tr>
            
<tr>
  <td class="method">
                  verifyThatUserRegisterAccountSuccessfully
      </td>
  <td class="duration">
    44.490s
  </td>
  <td class="result">
        
    
            <div class="testOutput">
                        clicking on My Account Menu [[ChromeDriver: chrome on windows (8b97a9bb19d99152aa90582450c205d6)] -&gt; xpath: //span[contains(text(),&apos;My Account&apos;)]]<br />
                                Get My Account menu options[[[ChromeDriver: chrome on windows (8b97a9bb19d99152aa90582450c205d6)] -&gt; xpath: //div[@id=&apos;top-links&apos;]//li[contains(@class,&apos;open&apos;)]/ul/li], [[ChromeDriver: chrome on windows (8b97a9bb19d99152aa90582450c205d6)] -&gt; xpath: //div[@id=&apos;top-links&apos;]//li[contains(@class,&apos;open&apos;)]/ul/li]]<br />
                                Get My Account menu options[[[ChromeDriver: chrome on windows (8b97a9bb19d99152aa90582450c205d6)] -&gt; xpath: //div[@id=&apos;top-links&apos;]//li[contains(@class,&apos;open&apos;)]/ul/li], [[ChromeDriver: chrome on windows (8b97a9bb19d99152aa90582450c205d6)] -&gt; xpath: //div[@id=&apos;top-links&apos;]//li[contains(@class,&apos;open&apos;)]/ul/li]]<br />
                                Enter firstname: Test First Nameto FirstName field[[ChromeDriver: chrome on windows (8b97a9bb19d99152aa90582450c205d6)] -&gt; id: input-firstname]<br />
                                Enter lastname: Test Last Nameto FirstName field[[ChromeDriver: chrome on windows (8b97a9bb19d99152aa90582450c205d6)] -&gt; id: input-lastname]<br />
                                Enter email: testfnlnTue_Jun_18_20_07_58_BST_2024@gmail.comto Email field[[ChromeDriver: chrome on windows (8b97a9bb19d99152aa90582450c205d6)] -&gt; id: input-email]<br />
                                Enter telephone: 04532157543to Telephone field[[ChromeDriver: chrome on windows (8b97a9bb19d99152aa90582450c205d6)] -&gt; id: input-telephone]<br />
                                Enter password: test@123to Password field[[ChromeDriver: chrome on windows (8b97a9bb19d99152aa90582450c205d6)] -&gt; id: input-password]<br />
                                Enter password confirm: test@123to Password Confirm field[[ChromeDriver: chrome on windows (8b97a9bb19d99152aa90582450c205d6)] -&gt; id: input-confirm]<br />
                                Click on &apos;Yes&apos; option into Subscribe button[[ChromeDriver: chrome on windows (8b97a9bb19d99152aa90582450c205d6)] -&gt; xpath: //input[@value=&apos;1&apos;][@name=&apos;newsletter&apos;]]<br />
                                Click on terms and agreement checkbox[[ChromeDriver: chrome on windows (8b97a9bb19d99152aa90582450c205d6)] -&gt; xpath: //input[@name=&apos;agree&apos;]]<br />
                                Click on continue button[[ChromeDriver: chrome on windows (8b97a9bb19d99152aa90582450c205d6)] -&gt; xpath: //input[@value=&apos;Continue&apos;]]<br />
                                Get Account Create Success Message[[ChromeDriver: chrome on windows (8b97a9bb19d99152aa90582450c205d6)] -&gt; css selector: div[id=&apos;content&apos;] h1]<br />
                                Click on Continue button[[ChromeDriver: chrome on windows (8b97a9bb19d99152aa90582450c205d6)] -&gt; xpath: //a[contains(text(),&apos;Continue&apos;)]]<br />
                                Click on My Account menu[[ChromeDriver: chrome on windows (8b97a9bb19d99152aa90582450c205d6)] -&gt; xpath: //span[contains(text(),&apos;My Account&apos;)]]<br />
                                Get My Account menu options[[[ChromeDriver: chrome on windows (8b97a9bb19d99152aa90582450c205d6)] -&gt; xpath: //div[@id=&apos;top-links&apos;]//li[contains(@class,&apos;open&apos;)]/ul/li], [[ChromeDriver: chrome on windows (8b97a9bb19d99152aa90582450c205d6)] -&gt; xpath: //div[@id=&apos;top-links&apos;]//li[contains(@class,&apos;open&apos;)]/ul/li]]<br />
                                Get My Account menu options[[[ChromeDriver: chrome on windows (8b97a9bb19d99152aa90582450c205d6)] -&gt; xpath: //div[@id=&apos;top-links&apos;]//li[contains(@class,&apos;open&apos;)]/ul/li], [[ChromeDriver: chrome on windows (8b97a9bb19d99152aa90582450c205d6)] -&gt; xpath: //div[@id=&apos;top-links&apos;]//li[contains(@class,&apos;open&apos;)]/ul/li]]<br />
                                Get Account Logout textProxy element for: DefaultElementLocator &apos;By.xpath: //h1[contains(text(),&apos;Account Logout&apos;)]&apos;<br />
                  </div>
    

        <a href="javascript:toggleElement('exception-0', 'block')" title="Click to expand/collapse"><b>org.openqa.selenium.NoSuchElementException: no such element: Unable to locate element: {&quot;method&quot;:&quot;xpath&quot;,&quot;selector&quot;:&quot;//h1[contains(text(),&apos;Account Logout&apos;)]&quot;}<br/>
&nbsp; (Session info: chrome=126.0.6478.61)<br/>
For documentation on this error, please visit: https://www.selenium.dev/documentation/webdriver/troubleshooting/errors#no-such-element-exception<br/>
Build info: version: &apos;4.21.0&apos;, revision: &apos;79ed462ef4&apos;<br/>
System info: os.name: &apos;Windows 11&apos;, os.arch: &apos;amd64&apos;, os.version: &apos;10.0&apos;, java.version: &apos;17.0.8&apos;<br/>
Driver info: org.openqa.selenium.chrome.ChromeDriver<br/>
Command: [8b97a9bb19d99152aa90582450c205d6, findElement {value=//h1[contains(text(),&apos;Account Logout&apos;)], using=xpath}]<br/>
Capabilities {acceptInsecureCerts: false, browserName: chrome, browserVersion: 126.0.6478.61, chrome: {chromedriverVersion: 126.0.6478.61 (8dc092df54ce..., userDataDir: C:\Users\vrund\AppData\Loca...}, fedcm:accounts: true, goog:chromeOptions: {debuggerAddress: localhost:60034}, networkConnectionEnabled: false, pageLoadStrategy: normal, platformName: windows, proxy: Proxy(), se:cdp: ws://localhost:60034/devtoo..., se:cdpVersion: 126.0.6478.61, setWindowRect: true, strictFileInteractability: false, timeouts: {implicit: 0, pageLoad: 300000, script: 30000}, unhandledPromptBehavior: dismiss and notify, webauthn:extension:credBlob: true, webauthn:extension:largeBlob: true, webauthn:extension:minPinLength: true, webauthn:extension:prf: true, webauthn:virtualAuthenticators: true}<br/>
Session ID: 8b97a9bb19d99152aa90582450c205d6</b></a><br />
    <div class="stackTrace" id="exception-0">
              java.base/jdk.internal.reflect.NativeConstructorAccessorImpl.newInstance0(Native Method)<br />
              java.base/jdk.internal.reflect.NativeConstructorAccessorImpl.newInstance(NativeConstructorAccessorImpl.java:77)<br />
              java.base/jdk.internal.reflect.DelegatingConstructorAccessorImpl.newInstance(DelegatingConstructorAccessorImpl.java:45)<br />
              java.base/java.lang.reflect.Constructor.newInstanceWithCaller(Constructor.java:499)<br />
              java.base/java.lang.reflect.Constructor.newInstance(Constructor.java:480)<br />
              org.openqa.selenium.remote.ErrorCodec.decode(ErrorCodec.java:167)<br />
              org.openqa.selenium.remote.codec.w3c.W3CHttpResponseCodec.decode(W3CHttpResponseCodec.java:138)<br />
              org.openqa.selenium.remote.codec.w3c.W3CHttpResponseCodec.decode(W3CHttpResponseCodec.java:50)<br />
              org.openqa.selenium.remote.HttpCommandExecutor.execute(HttpCommandExecutor.java:190)<br />
              org.openqa.selenium.remote.service.DriverCommandExecutor.invokeExecute(DriverCommandExecutor.java:216)<br />
              org.openqa.selenium.remote.service.DriverCommandExecutor.execute(DriverCommandExecutor.java:174)<br />
              org.openqa.selenium.remote.RemoteWebDriver.execute(RemoteWebDriver.java:518)<br />
              org.openqa.selenium.remote.ElementLocation$ElementFinder$2.findElement(ElementLocation.java:165)<br />
              org.openqa.selenium.remote.ElementLocation.findElement(ElementLocation.java:59)<br />
              org.openqa.selenium.remote.RemoteWebDriver.findElement(RemoteWebDriver.java:355)<br />
              org.openqa.selenium.remote.RemoteWebDriver.findElement(RemoteWebDriver.java:349)<br />
              org.openqa.selenium.support.pagefactory.DefaultElementLocator.findElement(DefaultElementLocator.java:68)<br />
              org.openqa.selenium.support.pagefactory.internal.LocatingElementHandler.invoke(LocatingElementHandler.java:38)<br />
              jdk.proxy2/jdk.proxy2.$Proxy9.getText(Unknown Source)<br />
              com.tutorialsninja.demo.utilities.Utility.getTextFromElement(Utility.java:64)<br />
              com.tutorialsninja.demo.pages.LogoutPage.getAccountLogoutText(LogoutPage.java:22)<br />
              com.tutorialsninja.demo.testsuite.MyAccountsTest.verifyThatUserRegisterAccountSuccessfully(MyAccountsTest.java:105)<br />
              java.base/jdk.internal.reflect.NativeMethodAccessorImpl.invoke0(Native Method)<br />
              java.base/jdk.internal.reflect.NativeMethodAccessorImpl.invoke(NativeMethodAccessorImpl.java:77)<br />
              java.base/jdk.internal.reflect.DelegatingMethodAccessorImpl.invoke(DelegatingMethodAccessorImpl.java:43)<br />
              java.base/java.lang.reflect.Method.invoke(Method.java:568)<br />
              org.testng.internal.invokers.MethodInvocationHelper.invokeMethod(MethodInvocationHelper.java:141)<br />
              org.testng.internal.invokers.TestInvoker.invokeMethod(TestInvoker.java:686)<br />
              org.testng.internal.invokers.TestInvoker.invokeTestMethod(TestInvoker.java:230)<br />
              org.testng.internal.invokers.MethodRunner.runInSequence(MethodRunner.java:63)<br />
              org.testng.internal.invokers.TestInvoker$MethodInvocationAgent.invoke(TestInvoker.java:992)<br />
              org.testng.internal.invokers.TestInvoker.invokeTestMethods(TestInvoker.java:203)<br />
              org.testng.internal.invokers.TestMethodWorker.invokeTestMethods(TestMethodWorker.java:154)<br />
              org.testng.internal.invokers.TestMethodWorker.run(TestMethodWorker.java:134)<br />
              java.base/java.util.ArrayList.forEach(ArrayList.java:1511)<br />
              org.testng.TestRunner.privateRun(TestRunner.java:739)<br />
              org.testng.TestRunner.run(TestRunner.java:614)<br />
              org.testng.SuiteRunner.runTest(SuiteRunner.java:421)<br />
              org.testng.SuiteRunner.runSequentially(SuiteRunner.java:413)<br />
              org.testng.SuiteRunner.privateRun(SuiteRunner.java:373)<br />
              org.testng.SuiteRunner.run(SuiteRunner.java:312)<br />
              org.testng.SuiteRunnerWorker.runSuite(SuiteRunnerWorker.java:52)<br />
              org.testng.SuiteRunnerWorker.run(SuiteRunnerWorker.java:95)<br />
              org.testng.TestNG.runSuitesSequentially(TestNG.java:1274)<br />
              org.testng.TestNG.runSuitesLocally(TestNG.java:1208)<br />
              org.testng.TestNG.runSuites(TestNG.java:1112)<br />
              org.testng.TestNG.run(TestNG.java:1079)<br />
              com.intellij.rt.testng.IDEARemoteTestNG.run(IDEARemoteTestNG.java:65)<br />
              com.intellij.rt.testng.RemoteTestNGStarter.main(RemoteTestNGStarter.java:105)<br />
                </div>
      </td>
</tr>
<tr>
  <td class="method">
                  verifyThatUserShouldLoginAndLogoutSuccessfully
      </td>
  <td class="duration">
    43.995s
  </td>
  <td class="result">
        
    
            <div class="testOutput">
                        clicking on My Account Menu [[ChromeDriver: chrome on windows (dd5b9e69a1d88563f2c2c802e9fad59d)] -&gt; xpath: //span[contains(text(),&apos;My Account&apos;)]]<br />
                                Get My Account menu options[[[ChromeDriver: chrome on windows (dd5b9e69a1d88563f2c2c802e9fad59d)] -&gt; xpath: //div[@id=&apos;top-links&apos;]//li[contains(@class,&apos;open&apos;)]/ul/li], [[ChromeDriver: chrome on windows (dd5b9e69a1d88563f2c2c802e9fad59d)] -&gt; xpath: //div[@id=&apos;top-links&apos;]//li[contains(@class,&apos;open&apos;)]/ul/li]]<br />
                                Enter email address: testfntestln12@gmail.com[[ChromeDriver: chrome on windows (dd5b9e69a1d88563f2c2c802e9fad59d)] -&gt; id: input-email]<br />
                                Enter password: test@123[[ChromeDriver: chrome on windows (dd5b9e69a1d88563f2c2c802e9fad59d)] -&gt; id: input-password]<br />
                                Click on login button[[ChromeDriver: chrome on windows (dd5b9e69a1d88563f2c2c802e9fad59d)] -&gt; xpath: //input[@value=&apos;Login&apos;]]<br />
                                Get my account text[[ChromeDriver: chrome on windows (dd5b9e69a1d88563f2c2c802e9fad59d)] -&gt; xpath: //h2[contains(text(),&apos;My Account&apos;)]]<br />
                                Click on My Account menu[[ChromeDriver: chrome on windows (dd5b9e69a1d88563f2c2c802e9fad59d)] -&gt; xpath: //span[contains(text(),&apos;My Account&apos;)]]<br />
                                Get My Account menu options[[[ChromeDriver: chrome on windows (dd5b9e69a1d88563f2c2c802e9fad59d)] -&gt; xpath: //div[@id=&apos;top-links&apos;]//li[contains(@class,&apos;open&apos;)]/ul/li], [[ChromeDriver: chrome on windows (dd5b9e69a1d88563f2c2c802e9fad59d)] -&gt; xpath: //div[@id=&apos;top-links&apos;]//li[contains(@class,&apos;open&apos;)]/ul/li]]<br />
                                Get My Account menu options[[[ChromeDriver: chrome on windows (dd5b9e69a1d88563f2c2c802e9fad59d)] -&gt; xpath: //div[@id=&apos;top-links&apos;]//li[contains(@class,&apos;open&apos;)]/ul/li], [[ChromeDriver: chrome on windows (dd5b9e69a1d88563f2c2c802e9fad59d)] -&gt; xpath: //div[@id=&apos;top-links&apos;]//li[contains(@class,&apos;open&apos;)]/ul/li]]<br />
                                Get Account Logout textProxy element for: DefaultElementLocator &apos;By.xpath: //h1[contains(text(),&apos;Account Logout&apos;)]&apos;<br />
                  </div>
    

        <a href="javascript:toggleElement('exception-1', 'block')" title="Click to expand/collapse"><b>org.openqa.selenium.NoSuchElementException: no such element: Unable to locate element: {&quot;method&quot;:&quot;xpath&quot;,&quot;selector&quot;:&quot;//h1[contains(text(),&apos;Account Logout&apos;)]&quot;}<br/>
&nbsp; (Session info: chrome=126.0.6478.61)<br/>
For documentation on this error, please visit: https://www.selenium.dev/documentation/webdriver/troubleshooting/errors#no-such-element-exception<br/>
Build info: version: &apos;4.21.0&apos;, revision: &apos;79ed462ef4&apos;<br/>
System info: os.name: &apos;Windows 11&apos;, os.arch: &apos;amd64&apos;, os.version: &apos;10.0&apos;, java.version: &apos;17.0.8&apos;<br/>
Driver info: org.openqa.selenium.chrome.ChromeDriver<br/>
Command: [dd5b9e69a1d88563f2c2c802e9fad59d, findElement {value=//h1[contains(text(),&apos;Account Logout&apos;)], using=xpath}]<br/>
Capabilities {acceptInsecureCerts: false, browserName: chrome, browserVersion: 126.0.6478.61, chrome: {chromedriverVersion: 126.0.6478.61 (8dc092df54ce..., userDataDir: C:\Users\vrund\AppData\Loca...}, fedcm:accounts: true, goog:chromeOptions: {debuggerAddress: localhost:60077}, networkConnectionEnabled: false, pageLoadStrategy: normal, platformName: windows, proxy: Proxy(), se:cdp: ws://localhost:60077/devtoo..., se:cdpVersion: 126.0.6478.61, setWindowRect: true, strictFileInteractability: false, timeouts: {implicit: 0, pageLoad: 300000, script: 30000}, unhandledPromptBehavior: dismiss and notify, webauthn:extension:credBlob: true, webauthn:extension:largeBlob: true, webauthn:extension:minPinLength: true, webauthn:extension:prf: true, webauthn:virtualAuthenticators: true}<br/>
Session ID: dd5b9e69a1d88563f2c2c802e9fad59d</b></a><br />
    <div class="stackTrace" id="exception-1">
              java.base/jdk.internal.reflect.NativeConstructorAccessorImpl.newInstance0(Native Method)<br />
              java.base/jdk.internal.reflect.NativeConstructorAccessorImpl.newInstance(NativeConstructorAccessorImpl.java:77)<br />
              java.base/jdk.internal.reflect.DelegatingConstructorAccessorImpl.newInstance(DelegatingConstructorAccessorImpl.java:45)<br />
              java.base/java.lang.reflect.Constructor.newInstanceWithCaller(Constructor.java:499)<br />
              java.base/java.lang.reflect.Constructor.newInstance(Constructor.java:480)<br />
              org.openqa.selenium.remote.ErrorCodec.decode(ErrorCodec.java:167)<br />
              org.openqa.selenium.remote.codec.w3c.W3CHttpResponseCodec.decode(W3CHttpResponseCodec.java:138)<br />
              org.openqa.selenium.remote.codec.w3c.W3CHttpResponseCodec.decode(W3CHttpResponseCodec.java:50)<br />
              org.openqa.selenium.remote.HttpCommandExecutor.execute(HttpCommandExecutor.java:190)<br />
              org.openqa.selenium.remote.service.DriverCommandExecutor.invokeExecute(DriverCommandExecutor.java:216)<br />
              org.openqa.selenium.remote.service.DriverCommandExecutor.execute(DriverCommandExecutor.java:174)<br />
              org.openqa.selenium.remote.RemoteWebDriver.execute(RemoteWebDriver.java:518)<br />
              org.openqa.selenium.remote.ElementLocation$ElementFinder$2.findElement(ElementLocation.java:165)<br />
              org.openqa.selenium.remote.ElementLocation.findElement(ElementLocation.java:59)<br />
              org.openqa.selenium.remote.RemoteWebDriver.findElement(RemoteWebDriver.java:355)<br />
              org.openqa.selenium.remote.RemoteWebDriver.findElement(RemoteWebDriver.java:349)<br />
              org.openqa.selenium.support.pagefactory.DefaultElementLocator.findElement(DefaultElementLocator.java:68)<br />
              org.openqa.selenium.support.pagefactory.internal.LocatingElementHandler.invoke(LocatingElementHandler.java:38)<br />
              jdk.proxy2/jdk.proxy2.$Proxy9.getText(Unknown Source)<br />
              com.tutorialsninja.demo.utilities.Utility.getTextFromElement(Utility.java:64)<br />
              com.tutorialsninja.demo.pages.LogoutPage.getAccountLogoutText(LogoutPage.java:22)<br />
              com.tutorialsninja.demo.testsuite.MyAccountsTest.verifyThatUserShouldLoginAndLogoutSuccessfully(MyAccountsTest.java:130)<br />
              java.base/jdk.internal.reflect.NativeMethodAccessorImpl.invoke0(Native Method)<br />
              java.base/jdk.internal.reflect.NativeMethodAccessorImpl.invoke(NativeMethodAccessorImpl.java:77)<br />
              java.base/jdk.internal.reflect.DelegatingMethodAccessorImpl.invoke(DelegatingMethodAccessorImpl.java:43)<br />
              java.base/java.lang.reflect.Method.invoke(Method.java:568)<br />
              org.testng.internal.invokers.MethodInvocationHelper.invokeMethod(MethodInvocationHelper.java:141)<br />
              org.testng.internal.invokers.TestInvoker.invokeMethod(TestInvoker.java:686)<br />
              org.testng.internal.invokers.TestInvoker.invokeTestMethod(TestInvoker.java:230)<br />
              org.testng.internal.invokers.MethodRunner.runInSequence(MethodRunner.java:63)<br />
              org.testng.internal.invokers.TestInvoker$MethodInvocationAgent.invoke(TestInvoker.java:992)<br />
              org.testng.internal.invokers.TestInvoker.invokeTestMethods(TestInvoker.java:203)<br />
              org.testng.internal.invokers.TestMethodWorker.invokeTestMethods(TestMethodWorker.java:154)<br />
              org.testng.internal.invokers.TestMethodWorker.run(TestMethodWorker.java:134)<br />
              java.base/java.util.ArrayList.forEach(ArrayList.java:1511)<br />
              org.testng.TestRunner.privateRun(TestRunner.java:739)<br />
              org.testng.TestRunner.run(TestRunner.java:614)<br />
              org.testng.SuiteRunner.runTest(SuiteRunner.java:421)<br />
              org.testng.SuiteRunner.runSequentially(SuiteRunner.java:413)<br />
              org.testng.SuiteRunner.privateRun(SuiteRunner.java:373)<br />
              org.testng.SuiteRunner.run(SuiteRunner.java:312)<br />
              org.testng.SuiteRunnerWorker.runSuite(SuiteRunnerWorker.java:52)<br />
              org.testng.SuiteRunnerWorker.run(SuiteRunnerWorker.java:95)<br />
              org.testng.TestNG.runSuitesSequentially(TestNG.java:1274)<br />
              org.testng.TestNG.runSuitesLocally(TestNG.java:1208)<br />
              org.testng.TestNG.runSuites(TestNG.java:1112)<br />
              org.testng.TestNG.run(TestNG.java:1079)<br />
              com.intellij.rt.testng.IDEARemoteTestNG.run(IDEARemoteTestNG.java:65)<br />
              com.intellij.rt.testng.RemoteTestNGStarter.main(RemoteTestNGStarter.java:105)<br />
                </div>
      </td>
</tr>
      </table>


  <table class="resultsTable">
    <tr><th colspan="3" class="header passed">Passed Tests</th></tr>
          <tr>
        <td colspan="3" class="group">com.tutorialsninja.demo.testsuite.MyAccountsTest</td>
      </tr>
            
<tr>
  <td class="method">
                  verifyUserShouldNavigateToLoginPageSuccessfully
      </td>
  <td class="duration">
    1.024s
  </td>
  <td class="result">
        
    
            <div class="testOutput">
                        clicking on My Account Menu [[ChromeDriver: chrome on windows (6687b4f52d753bd0e1d4bf0e8ebdc5a9)] -&gt; xpath: //span[contains(text(),&apos;My Account&apos;)]]<br />
                                Get My Account menu options[[[ChromeDriver: chrome on windows (6687b4f52d753bd0e1d4bf0e8ebdc5a9)] -&gt; xpath: //div[@id=&apos;top-links&apos;]//li[contains(@class,&apos;open&apos;)]/ul/li], [[ChromeDriver: chrome on windows (6687b4f52d753bd0e1d4bf0e8ebdc5a9)] -&gt; xpath: //div[@id=&apos;top-links&apos;]//li[contains(@class,&apos;open&apos;)]/ul/li]]<br />
                                Get Returning Customer text[[ChromeDriver: chrome on windows (6687b4f52d753bd0e1d4bf0e8ebdc5a9)] -&gt; xpath: //h2[contains(text(),&apos;Returning Customer&apos;)]]<br />
                  </div>
    

      </td>
</tr>
<tr>
  <td class="method">
                  verifyUserShouldNavigateToRegisterPageSuccessfully
      </td>
  <td class="duration">
    0.859s
  </td>
  <td class="result">
        
    
            <div class="testOutput">
                        clicking on My Account Menu [[ChromeDriver: chrome on windows (99beeeb238ea7848085afa50b32ce95f)] -&gt; xpath: //span[contains(text(),&apos;My Account&apos;)]]<br />
                                Get My Account menu options[[[ChromeDriver: chrome on windows (99beeeb238ea7848085afa50b32ce95f)] -&gt; xpath: //div[@id=&apos;top-links&apos;]//li[contains(@class,&apos;open&apos;)]/ul/li], [[ChromeDriver: chrome on windows (99beeeb238ea7848085afa50b32ce95f)] -&gt; xpath: //div[@id=&apos;top-links&apos;]//li[contains(@class,&apos;open&apos;)]/ul/li]]<br />
                                Get My Account menu options[[[ChromeDriver: chrome on windows (99beeeb238ea7848085afa50b32ce95f)] -&gt; xpath: //div[@id=&apos;top-links&apos;]//li[contains(@class,&apos;open&apos;)]/ul/li], [[ChromeDriver: chrome on windows (99beeeb238ea7848085afa50b32ce95f)] -&gt; xpath: //div[@id=&apos;top-links&apos;]//li[contains(@class,&apos;open&apos;)]/ul/li]]<br />
                                Get Register Account Text[[ChromeDriver: chrome on windows (99beeeb238ea7848085afa50b32ce95f)] -&gt; xpath: //h1[contains(text(),&apos;Register Account&apos;)]]<br />
                  </div>
    

      </td>
</tr>
      </table>
  
</body>
</html>
